2023-12-20 01:28:42.837 | INFO     | gurupod.gurulog:<module>:9 - Starting logger C:\Users\RYZEN\prdev\gurupod\src\data\logs\gurulog.log
2023-12-20 01:28:43.262 | INFO     | main:lifespan:20 - Starting lifespan
2023-12-20 01:28:43.277 | INFO     | main:lifespan:28 - Started monitor
2023-12-20 01:28:43.279 | DEBUG    | gurupod.redditbot.monitor:_prepare_jobs:28 - Starting stream: DecodingTheGurus
2023-12-20 01:28:44.798 | INFO     | gurupod.redditbot.monitor:flair_submission_write_optional:75 - PETER BOGHOSSIAN found in "I Participated in Peter Boghossians SE talking to his audience @ https://redd.it/18875yr"
2023-12-20 01:28:44.798 | INFO     | gurupod.redditbot.monitor:flair_submission_write_optional:75 - BEN SHAPIRO found in "Is religion good or bad for society? Ben Shapiro vs Alex O'Connor @ https://redd.it/189a2t7"
2023-12-20 01:28:44.799 | INFO     | gurupod.redditbot.monitor:flair_submission_write_optional:75 - GABOR MATÉ found in "How did Gabor Maté actually survive the Holocaust? @ https://redd.it/18aloa7"
2023-12-20 01:28:44.799 | INFO     | gurupod.redditbot.monitor:flair_submission_write_optional:75 - ECKHART TOLLE found in "Any dirt on Eckhart Tolle? @ https://redd.it/18bw0ic"
2023-12-20 01:28:44.799 | INFO     | gurupod.redditbot.monitor:flair_submission_write_optional:75 - ALEX JONES found in "Alex Jones Returns on X - Thoughts? @ https://redd.it/18f3wjr"
2023-12-20 01:28:44.799 | INFO     | gurupod.redditbot.monitor:flair_submission_write_optional:75 - RICHARD DAWKINS, JORDAN PETERSON, JOE ROGAN found in "Richard Dawkins on Jordan Peterson and Joe Rogan @ https://redd.it/18frqlu"
2023-12-20 01:28:44.799 | INFO     | gurupod.redditbot.monitor:flair_submission_write_optional:75 - ALEX JONES found in "Jimmy Dore now hosts Tucker Carlson and defends Alex Jones. Time to be Decoded? @ https://redd.it/18h645o"
2023-12-20 01:28:44.800 | INFO     | gurupod.redditbot.monitor:flair_submission_write_optional:75 - RUSSELL BRAND found in "The Fall of Russell Brand @ https://redd.it/18h9ga4"
2023-12-20 01:28:44.800 | INFO     | gurupod.redditbot.monitor:flair_submission_write_optional:75 - LEX FRIDMAN found in "HasanAbi reacts to John Mearsheimer and Lex Fridman on the Israel-Palestine War @ https://redd.it/18haoxo"
2023-12-20 01:28:44.800 | INFO     | gurupod.redditbot.monitor:flair_submission_write_optional:75 - ERIC WEINSTEIN, BRET WEINSTEIN, DOUGLAS MURRAY, SAM HARRIS found in "Will Islam Destroy Us? Sam Harris, Bret Weinstein, Eric Weinstein, Maajid Nawaz, Douglas Murray @ https://redd.it/18hb77n"
2023-12-20 01:28:44.800 | INFO     | gurupod.redditbot.monitor:flair_submission_write_optional:75 - HELEN LEWIS found in "JBP has a sneaky dig at friend of the pod Helen Lewis @ https://redd.it/18hg2gn"
2023-12-20 01:28:44.800 | INFO     | gurupod.redditbot.monitor:flair_submission_write_optional:75 - NOAM CHOMSKY found in "'The Two Chomskys' - an anthropologist studies the warring ideas of Noam Chomsky @ https://redd.it/18hm1l7"
2023-12-20 01:28:44.801 | INFO     | gurupod.redditbot.monitor:flair_submission_write_optional:75 - PETER BOGHOSSIAN found in "Peter Boghossian Defending Taking Money from Hungarian Dictatorship (again) @ https://redd.it/18i70dr"
2023-12-20 01:28:44.801 | INFO     | gurupod.redditbot.monitor:flair_submission_write_optional:75 - PETER BOGHOSSIAN found in "Peter Boghossian gets grilled on BBC HARDtalk for taking fellowship at Viktor Orban's university while claiming to decry "woke" restrictions on free speech in American academia @ https://redd.it/18i86jj"
2023-12-20 01:28:44.801 | INFO     | gurupod.redditbot.monitor:flair_submission_write_optional:75 - PETER BOGHOSSIAN found in "Peter Boghossian called into my show and tried to defend himself as a non-partisan paragon of rational virtue. @ https://redd.it/18i90ek"
2023-12-20 01:28:44.804 | INFO     | gurupod.redditbot.monitor:flair_submission_write_optional:75 - RICHARD DAWKINS found in "Psychedelics, Consciousness, and AI | Richard Dawkins | EP 256 @ https://redd.it/18ikkhj"
2023-12-20 01:28:44.804 | INFO     | gurupod.redditbot.monitor:flair_submission_write_optional:75 - CHRIS WILLIAMSON found in "Is Chris Williamson a guru? Or is he not relevant enough yet? @ https://redd.it/18is4eu"
2023-12-20 01:28:44.804 | INFO     | gurupod.redditbot.monitor:flair_submission_write_optional:75 - HELEN LEWIS found in "Helen Lewis @ https://redd.it/18jnm4j"
2023-12-20 01:28:44.805 | INFO     | gurupod.redditbot.monitor:flair_submission_write_optional:75 - DAVE RUBIN found in "The Failed Comedian to Political Commentary Pipeline: featuring Dave Rubin, JP Sears, Jimmy Dore and Stephen Crowder. (Not featured: the Failed Screenwriter to conservative commentator or Failed Academic to conservative commentator pipeline) @ https://redd.it/18k6a0q"
2023-12-20 01:28:44.805 | INFO     | gurupod.redditbot.monitor:flair_submission_write_optional:75 - ELON MUSK found in "Is Elon Musk a net good for society? @ https://redd.it/18k93dv"
2023-12-20 01:28:44.805 | INFO     | gurupod.redditbot.monitor:flair_submission_write_optional:75 - DESTINY, BEN SHAPIRO found in "Lex should make a 15 minute music jamming session with Destiny and Ben Shapiro after the debate. @ https://redd.it/18lhlpy"
